<?xml version="1.0" encoding="UTF-8"?>
<testng-results ignored="0" total="1" passed="1" failed="0" skipped="0">
  <reporter-output>
  </reporter-output>
  <suite started-at="2026-07-13T21:53:15 IST" name="master" finished-at="2026-07-13T21:53:20 IST" duration-ms="5137">
    <groups>
    </groups>
    <test started-at="2026-07-13T21:53:15 IST" name="edgetest" finished-at="2026-07-13T21:53:20 IST" duration-ms="5137">
      <class name="testCases.verifyLoginFunction">
        <test-method is-config="true" signature="setup(java.lang.String,java.lang.String)[pri:0, instance:testCases.verifyLoginFunction@3967e60c]" started-at="2026-07-13T21:53:15 IST" name="setup" finished-at="2026-07-13T21:53:18 IST" duration-ms="2737" status="PASS">
          <params>
            <param index="0">
              <value>
                <![CDATA[Windows]]>
              </value>
            </param>
            <param index="1">
              <value>
                <![CDATA[eDGE]]>
              </value>
            </param>
          </params>
          <reporter-output>
          </reporter-output>
        </test-method> <!-- setup -->
        <test-method signature="validateLogin()[pri:0, instance:testCases.verifyLoginFunction@3967e60c]" started-at="2026-07-13T21:53:18 IST" name="validateLogin" finished-at="2026-07-13T21:53:20 IST" duration-ms="1940" status="PASS">
          <reporter-output>
          </reporter-output>
        </test-method> <!-- validateLogin -->
        <test-method is-config="true" signature="teardown()[pri:0, instance:testCases.verifyLoginFunction@3967e60c]" started-at="2026-07-13T21:53:20 IST" name="teardown" finished-at="2026-07-13T21:53:20 IST" duration-ms="237" status="PASS">
          <reporter-output>
          </reporter-output>
        </test-method> <!-- teardown -->
      </class> <!-- testCases.verifyLoginFunction -->
    </test> <!-- edgetest -->
  </suite> <!-- master -->
</testng-results>
