<?xml version="1.0" encoding="UTF-8"?>
<testng-results ignored="0" total="3" passed="3" failed="0" skipped="0">
  <reporter-output>
  </reporter-output>
  <suite started-at="2026-07-14T02:25:05 IST" name="master" finished-at="2026-07-14T02:25:21 IST" duration-ms="16173">
    <groups>
    </groups>
    <test started-at="2026-07-14T02:25:05 IST" name="chrometest" finished-at="2026-07-14T02:25:17 IST" duration-ms="12334">
      <class name="testCases.verifyLoginFunction">
        <test-method is-config="true" signature="setup(java.lang.String,java.lang.String)[pri:0, instance:testCases.verifyLoginFunction@37ceb1df]" started-at="2026-07-14T02:25:05 IST" name="setup" finished-at="2026-07-14T02:25:12 IST" duration-ms="6638" status="PASS">
          <params>
            <param index="0">
              <value>
                <![CDATA[Windows]]>
              </value>
            </param>
            <param index="1">
              <value>
                <![CDATA[Chrome]]>
              </value>
            </param>
          </params>
          <reporter-output>
          </reporter-output>
        </test-method> <!-- setup -->
        <test-method signature="validateLogin()[pri:0, instance:testCases.verifyLoginFunction@37ceb1df]" started-at="2026-07-14T02:25:12 IST" name="validateLogin" finished-at="2026-07-14T02:25:16 IST" duration-ms="4889" status="PASS">
          <reporter-output>
          </reporter-output>
        </test-method> <!-- validateLogin -->
        <test-method is-config="true" signature="teardown()[pri:0, instance:testCases.verifyLoginFunction@37ceb1df]" started-at="2026-07-14T02:25:16 IST" name="teardown" finished-at="2026-07-14T02:25:17 IST" duration-ms="417" status="PASS">
          <reporter-output>
          </reporter-output>
        </test-method> <!-- teardown -->
      </class> <!-- testCases.verifyLoginFunction -->
    </test> <!-- chrometest -->
    <test started-at="2026-07-14T02:25:05 IST" name="edgetest" finished-at="2026-07-14T02:25:17 IST" duration-ms="12448">
      <class name="testCases.verifyLoginFunction">
        <test-method is-config="true" signature="setup(java.lang.String,java.lang.String)[pri:0, instance:testCases.verifyLoginFunction@6989da5e]" started-at="2026-07-14T02:25:05 IST" name="setup" finished-at="2026-07-14T02:25:11 IST" duration-ms="6416" status="PASS">
          <params>
            <param index="0">
              <value>
                <![CDATA[Windows]]>
              </value>
            </param>
            <param index="1">
              <value>
                <![CDATA[eDGE]]>
              </value>
            </param>
          </params>
          <reporter-output>
          </reporter-output>
        </test-method> <!-- setup -->
        <test-method signature="validateLogin()[pri:0, instance:testCases.verifyLoginFunction@6989da5e]" started-at="2026-07-14T02:25:11 IST" name="validateLogin" finished-at="2026-07-14T02:25:17 IST" duration-ms="5272" status="PASS">
          <reporter-output>
          </reporter-output>
        </test-method> <!-- validateLogin -->
        <test-method is-config="true" signature="teardown()[pri:0, instance:testCases.verifyLoginFunction@6989da5e]" started-at="2026-07-14T02:25:17 IST" name="teardown" finished-at="2026-07-14T02:25:17 IST" duration-ms="370" status="PASS">
          <reporter-output>
          </reporter-output>
        </test-method> <!-- teardown -->
      </class> <!-- testCases.verifyLoginFunction -->
    </test> <!-- edgetest -->
    <test started-at="2026-07-14T02:25:05 IST" name="firefoxtest" finished-at="2026-07-14T02:25:21 IST" duration-ms="16173">
      <class name="testCases.verifyLoginFunction">
        <test-method is-config="true" signature="setup(java.lang.String,java.lang.String)[pri:0, instance:testCases.verifyLoginFunction@20d525]" started-at="2026-07-14T02:25:05 IST" name="setup" finished-at="2026-07-14T02:25:17 IST" duration-ms="11988" status="PASS">
          <params>
            <param index="0">
              <value>
                <![CDATA[Windows]]>
              </value>
            </param>
            <param index="1">
              <value>
                <![CDATA[Firefox]]>
              </value>
            </param>
          </params>
          <reporter-output>
          </reporter-output>
        </test-method> <!-- setup -->
        <test-method signature="validateLogin()[pri:0, instance:testCases.verifyLoginFunction@20d525]" started-at="2026-07-14T02:25:17 IST" name="validateLogin" finished-at="2026-07-14T02:25:20 IST" duration-ms="2873" status="PASS">
          <reporter-output>
          </reporter-output>
        </test-method> <!-- validateLogin -->
        <test-method is-config="true" signature="teardown()[pri:0, instance:testCases.verifyLoginFunction@20d525]" started-at="2026-07-14T02:25:20 IST" name="teardown" finished-at="2026-07-14T02:25:21 IST" duration-ms="951" status="PASS">
          <reporter-output>
          </reporter-output>
        </test-method> <!-- teardown -->
      </class> <!-- testCases.verifyLoginFunction -->
    </test> <!-- firefoxtest -->
  </suite> <!-- master -->
</testng-results>
