<?xml version="1.0" encoding="UTF-8"?>
<!-- Generated by org.testng.reporters.JUnitXMLReporter -->
<testsuite ignored="0" hostname="Savagehunk" failures="0" tests="1" name="edgetest" time="0.41" errors="0" timestamp="2026-07-13T23:33:22 IST">
  <testcase classname="testBase.BaseClass" name="@BeforeClass setup" time="0.017">
    <failure type="java.lang.NullPointerException" message="Cannot invoke &amp;quot;org.apache.logging.log4j.Logger.info(String)&amp;quot; because &amp;quot;this.logger&amp;quot; is null">
      <![CDATA[java.lang.NullPointerException: Cannot invoke "org.apache.logging.log4j.Logger.info(String)" because "this.logger" is null
at testBase.BaseClass.setup(BaseClass.java:55)
at java.base/java.util.ArrayList.forEach(ArrayList.java:1596)
... Removed 23 stack frames]]>
    </failure>
  </testcase> <!-- @BeforeClass setup -->
  <testcase classname="testCases.verifyLoginFunction" name="validateLogin" time="0.0">
    <skipped/>
  </testcase> <!-- validateLogin -->
</testsuite> <!-- edgetest -->
