<?xml version="1.0" encoding="UTF-8"?>
<!-- Generated by org.testng.reporters.JUnitReportReporter -->
<testsuite hostname="Savagehunk" failures="0" tests="3" name="testCases.verifyLoginFunction" time="13.034" errors="0" timestamp="2026-07-14T02:25:21 IST" skipped="0">
  <testcase classname="testCases.verifyLoginFunction" name="validateLogin" time="5.272"/>
  <testcase classname="testCases.verifyLoginFunction" name="validateLogin" time="4.889"/>
  <testcase classname="testCases.verifyLoginFunction" name="validateLogin" time="2.873"/>
</testsuite> <!-- testCases.verifyLoginFunction -->
