<?xml version="1.0" encoding="UTF-8"?>
<!-- Generated by org.testng.reporters.JUnitReportReporter -->
<testsuite hostname="Savagehunk" failures="0" tests="3" name="testCases.verifyLoginFunction" time="9.065" errors="0" timestamp="2026-07-13T23:37:12 IST" skipped="0">
  <testcase classname="testCases.verifyLoginFunction" name="validateLogin" time="3.748"/>
  <testcase classname="testCases.verifyLoginFunction" name="validateLogin" time="1.571"/>
  <testcase classname="testCases.verifyLoginFunction" name="validateLogin" time="3.746"/>
</testsuite> <!-- testCases.verifyLoginFunction -->
