<?xml version="1.0" encoding="UTF-8"?>
<!-- Generated by org.testng.reporters.JUnitReportReporter -->
<testsuite hostname="Savagehunk" failures="0" tests="3" name="testCases.verifyLoginFunction" time="8.583" errors="0" timestamp="2026-07-13T22:01:55 IST" skipped="0">
  <testcase classname="testCases.verifyLoginFunction" name="validateLogin" time="1.684"/>
  <testcase classname="testCases.verifyLoginFunction" name="validateLogin" time="3.390"/>
  <testcase classname="testCases.verifyLoginFunction" name="validateLogin" time="3.509"/>
</testsuite> <!-- testCases.verifyLoginFunction -->
